<?xml version="1.0" encoding="UTF-8"?>
<!-- Generated by org.testng.reporters.JUnitXMLReporter -->
<testsuite ignored="0" hostname="ADMIN" failures="0" tests="3" name="Default test" time="8.084" errors="0" timestamp="2024-04-08T12:18:44 IST">
  <testcase classname="TestNG_Day1.ThirdTest" name="OpenApp" time="6.001"/>
  <testcase classname="TestNG_Day1.ThirdTest" name="Login" time="2.021"/>
  <testcase classname="TestNG_Day1.ThirdTest" name="CloseApp" time="0.005"/>
</testsuite> <!-- Default test -->
