<?xml version="1.0" encoding="UTF-8"?>
<testng-results ignored="0" total="3" passed="3" failed="0" skipped="0">
  <reporter-output>
  </reporter-output>
  <suite started-at="2024-04-08T12:27:36 IST" name="Suite" finished-at="2024-04-08T12:27:43 IST" duration-ms="7085">
    <groups>
    </groups>
    <test started-at="2024-04-08T12:27:36 IST" name="Test" finished-at="2024-04-08T12:27:43 IST" duration-ms="7085">
      <class name="TestNG_Day1.ThirdTest">
        <test-method signature="OpenApp()[pri:10, instance:TestNG_Day1.ThirdTest@72f926e6]" started-at="2024-04-08T12:27:36 IST" name="OpenApp" finished-at="2024-04-08T12:27:42 IST" duration-ms="5878" status="PASS">
          <reporter-output>
          </reporter-output>
        </test-method> <!-- OpenApp -->
        <test-method signature="Login()[pri:20, instance:TestNG_Day1.ThirdTest@72f926e6]" started-at="2024-04-08T12:27:42 IST" name="Login" finished-at="2024-04-08T12:27:43 IST" duration-ms="1142" status="PASS">
          <reporter-output>
          </reporter-output>
        </test-method> <!-- Login -->
        <test-method signature="CloseApp()[pri:30, instance:TestNG_Day1.ThirdTest@72f926e6]" started-at="2024-04-08T12:27:43 IST" name="CloseApp" finished-at="2024-04-08T12:27:43 IST" duration-ms="1" status="PASS">
          <reporter-output>
          </reporter-output>
        </test-method> <!-- CloseApp -->
      </class> <!-- TestNG_Day1.ThirdTest -->
    </test> <!-- Test -->
  </suite> <!-- Suite -->
</testng-results>
